十月 04, 2016 5:24:20 下午 org.apache.catalina.core.AprLifecycleListener init
信息: Loaded APR based Apache Tomcat Native library 1.1.30 using APR version 1.4.8.
十月 04, 2016 5:24:20 下午 org.apache.catalina.core.AprLifecycleListener init
信息: APR capabilities: IPv6 [true], sendfile [true], accept filters [false], random [true].
十月 04, 2016 5:24:21 下午 org.apache.catalina.core.AprLifecycleListener initializeSSL
信息: OpenSSL successfully initialized with version OpenSSL 1.0.1g 7 Apr 2014
十月 04, 2016 5:24:22 下午 org.apache.coyote.http11.Http11AprProtocol init
信息: Initializing Coyote HTTP/1.1 on http-8888
十月 04, 2016 5:24:22 下午 org.apache.coyote.ajp.AjpAprProtocol init
信息: Initializing Coyote AJP/1.3 on ajp-8009
十月 04, 2016 5:24:22 下午 org.apache.catalina.startup.Catalina load
信息: Initialization processed in 3552 ms
十月 04, 2016 5:24:23 下午 org.apache.catalina.core.StandardService start
信息: Starting service Catalina
十月 04, 2016 5:24:23 下午 org.apache.catalina.core.StandardEngine start
信息: Starting Servlet Engine: Apache Tomcat/6.0.41
十月 04, 2016 5:24:23 下午 org.apache.catalina.startup.HostConfig deployWAR
信息: Deploying web application archive nexus.war
十月 04, 2016 5:25:28 下午 org.apache.coyote.http11.Http11AprProtocol start
信息: Starting Coyote HTTP/1.1 on http-8888
十月 04, 2016 5:25:28 下午 org.apache.coyote.ajp.AjpAprProtocol start
信息: Starting Coyote AJP/1.3 on ajp-8009
十月 04, 2016 5:25:28 下午 org.apache.catalina.startup.Catalina start
信息: Server startup in 65897 ms
